 WARN  Unsupported engine: wanted: {"node":"18"} (current: {"node":"v20.10.0","pnpm":"9.0.4"})

> docker-next@0.1.0 build-storybook C:\Users\felip\Desktop\Projetos\docker_next
> storybook build "--output-dir" "C:\\Users\\felip\\AppData\\Local\\Temp\\chromatic--21932-Aj7cCN2VqDRs"

@storybook/cli v8.0.8

info => Cleaning outputDir: ..\..\..\AppData\Local\Temp\chromatic--21932-Aj7cCN2VqDRs
info => Loading presets
info => Building manager..
info => Manager built (330 ms)
info => Building preview..
WARN No story files found for the specified pattern: src\**\*.mdx
info Addon-docs: using MDX3
info => Using implicit CSS loaders
info => Using SWC as compiler
info => Using default Webpack5 setup
info Using tsconfig paths for react-docgen
WARN asset size limit: The following asset(s) exceed the recommended size limit (244 KiB).
WARN This can impact web performance.
WARN Assets: 
WARN   160.a5b1253a.iframe.bundle.js (1.66 MiB)
WARN   985.c50d4b41.iframe.bundle.js (637 KiB)
WARN entrypoint size limit: The following entrypoint(s) combined asset size exceeds the recommended limit (244 KiB). This can impact web performance.
WARN Entrypoints:
WARN   main (1.68 MiB)
WARN       runtime~main.491de48b.iframe.bundle.js
WARN       160.a5b1253a.iframe.bundle.js
WARN       main.5711a8b5.iframe.bundle.js
WARN 
info => Preview built (10 s)
info => Output directory: C:\Users\felip\AppData\Local\Temp\chromatic--21932-Aj7cCN2VqDRs
